This is pdfTeX, Version 3.14159265-2.6-1.40.20 (TeX Live 2019) (preloaded format=pdflatex 2019.12.20)  30 MAY 2020 15:03
entering extended mode
 restricted \write18 enabled.
 %&-line parsing enabled.
**projekt
(./projekt.tex
LaTeX2e <2019-10-01> patch level 3
(./fitthesis.cls
Document Class: fitthesis 2017/11/07 Sablona pro BP/DP
(/usr/local/share/texlive/texmf-dist/tex/latex/base/report.cls
Document Class: report 2019/10/25 v1.4k Standard LaTeX document class
(/usr/local/share/texlive/texmf-dist/tex/latex/base/size11.clo
File: size11.clo 2019/10/25 v1.4k Standard LaTeX file (size option)
)
\c@part=\count80
\c@chapter=\count81
\c@section=\count82
\c@subsection=\count83
\c@subsubsection=\count84
\c@paragraph=\count85
\c@subparagraph=\count86
\c@figure=\count87
\c@table=\count88
\abovecaptionskip=\skip41
\belowcaptionskip=\skip42
\bibindent=\dimen102
)
(/usr/local/share/texlive/texmf-dist/tex/latex/amsmath/amsmath.sty
Package: amsmath 2019/11/16 v2.17d AMS math features
\@mathmargin=\skip43

For additional information on amsmath, use the `?' option.
(/usr/local/share/texlive/texmf-dist/tex/latex/amsmath/amstext.sty
Package: amstext 2000/06/29 v2.01 AMS text

(/usr/local/share/texlive/texmf-dist/tex/latex/amsmath/amsgen.sty
File: amsgen.sty 1999/11/30 v2.0 generic functions
\@emptytoks=\toks14
\ex@=\dimen103
))
(/usr/local/share/texlive/texmf-dist/tex/latex/amsmath/amsbsy.sty
Package: amsbsy 1999/11/29 v1.2d Bold Symbols
\pmbraise@=\dimen104
)
(/usr/local/share/texlive/texmf-dist/tex/latex/amsmath/amsopn.sty
Package: amsopn 2016/03/08 v2.02 operator names
)
\inf@bad=\count89
LaTeX Info: Redefining \frac on input line 227.
\uproot@=\count90
\leftroot@=\count91
LaTeX Info: Redefining \overline on input line 389.
\classnum@=\count92
\DOTSCASE@=\count93
LaTeX Info: Redefining \ldots on input line 486.
LaTeX Info: Redefining \dots on input line 489.
LaTeX Info: Redefining \cdots on input line 610.
\Mathstrutbox@=\box27
\strutbox@=\box28
\big@size=\dimen105
LaTeX Font Info:    Redeclaring font encoding OML on input line 733.
LaTeX Font Info:    Redeclaring font encoding OMS on input line 734.
\macc@depth=\count94
\c@MaxMatrixCols=\count95
\dotsspace@=\muskip10
\c@parentequation=\count96
\dspbrk@lvl=\count97
\tag@help=\toks15
\row@=\count98
\column@=\count99
\maxfields@=\count100
\andhelp@=\toks16
\eqnshift@=\dimen106
\alignsep@=\dimen107
\tagshift@=\dimen108
\tagwidth@=\dimen109
\totwidth@=\dimen110
\lineht@=\dimen111
\@envbody=\toks17
\multlinegap=\skip44
\multlinetaggap=\skip45
\mathdisplay@stack=\toks18
LaTeX Info: Redefining \[ on input line 2858.
LaTeX Info: Redefining \] on input line 2859.
)
(/usr/local/share/texlive/texmf-dist/tex/latex/amsfonts/amssymb.sty
Package: amssymb 2013/01/14 v3.01 AMS font symbols

(/usr/local/share/texlive/texmf-dist/tex/latex/amsfonts/amsfonts.sty
Package: amsfonts 2013/01/14 v3.01 Basic AMSFonts support
\symAMSa=\mathgroup4
\symAMSb=\mathgroup5
LaTeX Font Info:    Redeclaring math symbol \hbar on input line 98.
LaTeX Font Info:    Overwriting math alphabet `\mathfrak' in version `bold'
(Font)                  U/euf/m/n --> U/euf/b/n on input line 106.
))
(/usr/local/share/texlive/texmf-dist/tex/generic/babel/babel.sty
Package: babel 2019/12/08 3.37 The Babel package

(/usr/local/share/texlive/texmf-dist/tex/generic/babel/switch.def
File: switch.def 2019/12/08 3.37 Babel switching mechanism
)
(/usr/local/share/texlive/texmf-dist/tex/generic/babel-czech/czech.ldf
Language: czech 2008/07/06 v3.1a Czech support from the babel system

(/usr/local/share/texlive/texmf-dist/tex/generic/babel/babel.def
File: babel.def 2019/12/08 3.37 Babel common definitions
\babel@savecnt=\count101
\U@D=\dimen112

(/usr/local/share/texlive/texmf-dist/tex/generic/babel/txtbabel.def)
\bbl@dirlevel=\count102
)
Package babel Info: Making " an active character on input line 172.
\cs@wordlen=\count103
Package babel Info: Making - an active character on input line 226.
)
(/usr/local/share/texlive/texmf-dist/tex/generic/babel-slovak/slovak.ldf
Language: slovak 2008/07/06 v3.1a Slovak support from the babel system
Package babel Info: Making ^ an active character on input line 123.
Package babel Info: Making ' an active character on input line 129.
LaTeX Info: Redefining \uv on input line 278.
\cs@wordlen=\count104
)
(/usr/local/share/texlive/texmf-dist/tex/generic/babel-english/english.ldf
Language: english 2017/06/06 v3.3r English support from the babel system
Package babel Info: \l@canadian = using hyphenrules for english
(babel)             (\language0) on input line 102.
Package babel Info: \l@australian = using hyphenrules for ukenglish
(babel)             (\language21) on input line 105.
Package babel Info: \l@newzealand = using hyphenrules for ukenglish
(babel)             (\language21) on input line 108.
)
(/usr/local/share/texlive/texmf-dist/tex/generic/babel-english/english.ldf
Language: english 2017/06/06 v3.3r English support from the babel system
))
(/usr/local/share/texlive/texmf-dist/tex/latex/base/inputenc.sty
Package: inputenc 2018/08/11 v1.3c Input encoding file
\inpenc@prehook=\toks19
\inpenc@posthook=\toks20
)
(/usr/local/share/texlive/texmf-dist/tex/latex/cmap/cmap.sty
Package: cmap 2008/03/06 v1.0h CMap support: searchable PDF
)
(/usr/local/share/texlive/texmf-dist/tex/latex/base/fontenc.sty
Package: fontenc 2018/08/11 v2.0j Standard LaTeX package

(/usr/local/share/texlive/texmf-dist/tex/latex/base/t1enc.def
File: t1enc.def 2018/08/11 v2.0j Standard LaTeX file
LaTeX Font Info:    Redeclaring font encoding T1 on input line 48.
)<<t1.cmap>>)
(/usr/local/share/texlive/texmf-dist/tex/latex/url/url.sty
\Urlmuskip=\muskip11
Package: url 2013/09/16  ver 3.4  Verb mode for urls, etc.
)
(/usr/local/share/texlive/texmf-dist/tex/latex/ragged2e/ragged2e.sty
Package: ragged2e 2019/07/28 v2.2 ragged2e Package (MS)

(/usr/local/share/texlive/texmf-dist/tex/latex/ms/everysel.sty
Package: everysel 2011/10/28 v1.2 EverySelectfont Package (MS)
)
\CenteringLeftskip=\skip46
\RaggedLeftLeftskip=\skip47
\RaggedRightLeftskip=\skip48
\CenteringRightskip=\skip49
\RaggedLeftRightskip=\skip50
\RaggedRightRightskip=\skip51
\CenteringParfillskip=\skip52
\RaggedLeftParfillskip=\skip53
\RaggedRightParfillskip=\skip54
\JustifyingParfillskip=\skip55
\CenteringParindent=\skip56
\RaggedLeftParindent=\skip57
\RaggedRightParindent=\skip58
\JustifyingParindent=\skip59
)
(/usr/local/share/texlive/texmf-dist/tex/latex/graphics/color.sty
Package: color 2016/07/10 v1.1e Standard LaTeX Color (DPC)

(/usr/local/share/texlive/texmf-dist/tex/latex/graphics-cfg/color.cfg
File: color.cfg 2016/01/02 v1.6 sample color configuration
)
Package color Info: Driver file: pdftex.def on input line 147.

(/usr/local/share/texlive/texmf-dist/tex/latex/graphics-def/pdftex.def
File: pdftex.def 2018/01/08 v1.0l Graphics/color driver for pdftex
))
(/usr/local/share/texlive/texmf-dist/tex/latex/etoolbox/etoolbox.sty
Package: etoolbox 2019/09/21 v2.5h e-TeX tools for LaTeX (JAW)
\etb@tempcnta=\count105
)
(/usr/local/share/texlive/texmf-dist/tex/latex/enumitem/enumitem.sty
Package: enumitem 2019/06/20 v3.9 Customized lists
\enitkv@toks@=\toks21
\labelindent=\skip60
\enit@outerparindent=\dimen113
\enit@toks=\toks22
\enit@inbox=\box29
\enit@count@id=\count106
\enitdp@description=\count107
)
(/usr/local/share/texlive/texmf-dist/tex/latex/pdfpages/pdfpages.sty
Package: pdfpages 2019/12/17 v0.5p Insert pages of external PDF documents (AM)

(/usr/local/share/texlive/texmf-dist/tex/latex/base/ifthen.sty
Package: ifthen 2014/09/29 v1.1c Standard LaTeX ifthen package (DPC)
)
(/usr/local/share/texlive/texmf-dist/tex/latex/tools/calc.sty
Package: calc 2017/05/25 v4.3 Infix arithmetic (KKT,FJ)
\calc@Acount=\count108
\calc@Bcount=\count109
\calc@Adimen=\dimen114
\calc@Bdimen=\dimen115
\calc@Askip=\skip61
\calc@Bskip=\skip62
LaTeX Info: Redefining \setlength on input line 80.
LaTeX Info: Redefining \addtolength on input line 81.
\calc@Ccount=\count110
\calc@Cskip=\skip63
)
(/usr/local/share/texlive/texmf-dist/tex/latex/eso-pic/eso-pic.sty
Package: eso-pic 2018/04/12 v2.0h eso-pic (RN)

(/usr/local/share/texlive/texmf-dist/tex/generic/atbegshi/atbegshi.sty
Package: atbegshi 2019/12/05 v1.19 At begin shipout hook (HO)

(/usr/local/share/texlive/texmf-dist/tex/generic/infwarerr/infwarerr.sty
Package: infwarerr 2019/12/03 v1.5 Providing info/warning/error messages (HO)
)
(/usr/local/share/texlive/texmf-dist/tex/generic/ltxcmds/ltxcmds.sty
Package: ltxcmds 2019/12/15 v1.24 LaTeX kernel commands for general use (HO)
)
(/usr/local/share/texlive/texmf-dist/tex/generic/iftex/iftex.sty
Package: iftex 2019/11/07 v1.0c TeX engine tests
))
(/usr/local/share/texlive/texmf-dist/tex/latex/graphics/keyval.sty
Package: keyval 2014/10/28 v1.15 key=value parser (DPC)
\KV@toks@=\toks23
))
(/usr/local/share/texlive/texmf-dist/tex/latex/graphics/graphicx.sty
Package: graphicx 2017/06/01 v1.1a Enhanced LaTeX Graphics (DPC,SPQR)

(/usr/local/share/texlive/texmf-dist/tex/latex/graphics/graphics.sty
Package: graphics 2019/11/01 v1.3d Standard LaTeX Graphics (DPC,SPQR)

(/usr/local/share/texlive/texmf-dist/tex/latex/graphics/trig.sty
Package: trig 2016/01/03 v1.10 sin cos tan (DPC)
)
(/usr/local/share/texlive/texmf-dist/tex/latex/graphics-cfg/graphics.cfg
File: graphics.cfg 2016/06/04 v1.11 sample graphics configuration
)
Package graphics Info: Driver file: pdftex.def on input line 105.
)
\Gin@req@height=\dimen116
\Gin@req@width=\dimen117
)
\AM@pagewidth=\dimen118
\AM@pageheight=\dimen119

(/usr/local/share/texlive/texmf-dist/tex/latex/pdfpages/pppdftex.def
File: pppdftex.def 2019/12/17 v0.5p Pdfpages driver for pdfTeX (AM)
)
\AM@pagebox=\box30
\AM@global@opts=\toks24
\AM@toc@title=\toks25
\c@AM@survey=\count111
\AM@templatesizebox=\box31
)
\mkspc=\skip64
\DESCRIPTION@totalleftmargin=\skip65
\DESCRIPTION@linewidth=\skip66

(/usr/local/share/texlive/texmf-dist/tex/latex/opensans/opensans.sty
Package: opensans 2019/06/20 Style file for Open Sans.

(/usr/local/share/texlive/texmf-dist/tex/latex/fontaxes/fontaxes.sty
Package: fontaxes 2014/03/23 v1.0d Font selection axes
LaTeX Info: Redefining \upshape on input line 29.
LaTeX Info: Redefining \itshape on input line 31.
LaTeX Info: Redefining \slshape on input line 33.
LaTeX Info: Redefining \scshape on input line 37.
)
(/usr/local/share/texlive/texmf-dist/tex/generic/iftex/ifluatex.sty
Package: ifluatex 2019/10/25 v1.5 ifluatex legacy package. Use iftex instead.
)
(/usr/local/share/texlive/texmf-dist/tex/generic/iftex/ifxetex.sty
Package: ifxetex 2019/10/25 v0.7 ifxetex legacy package. Use iftex instead.
)
(/usr/local/share/texlive/texmf-dist/tex/latex/xkeyval/xkeyval.sty
Package: xkeyval 2014/12/03 v2.7a package option processing (HA)

(/usr/local/share/texlive/texmf-dist/tex/generic/xkeyval/xkeyval.tex
(/usr/local/share/texlive/texmf-dist/tex/generic/xkeyval/xkvutils.tex
\XKV@toks=\toks26
\XKV@tempa@toks=\toks27
)
\XKV@depth=\count112
File: xkeyval.tex 2014/12/03 v2.7a key=value parser (HA)
)))
(/usr/local/share/texlive/texmf-dist/tex/latex/float/float.sty
Package: float 2001/11/08 v1.3d Float enhancements (AL)
\c@float@type=\count113
\float@exts=\toks28
\float@box=\box32
\@float@everytoks=\toks29
\@floatcapt=\box33
)
(/usr/local/share/texlive/texmf-dist/tex/latex/tools/longtable.sty
Package: longtable 2019/02/06 v4.12 Multi-page Table package (DPC)
\LTleft=\skip67
\LTright=\skip68
\LTpre=\skip69
\LTpost=\skip70
\LTchunksize=\count114
\LTcapwidth=\dimen120
\LT@head=\box34
\LT@firsthead=\box35
\LT@foot=\box36
\LT@lastfoot=\box37
\LT@cols=\count115
\LT@rows=\count116
\c@LT@tables=\count117
\c@LT@chunks=\count118
\LT@p@ftn=\toks30
)
(/usr/local/share/texlive/texmf-dist/tex/latex/booktabs/booktabs.sty
Package: booktabs 2019/10/08 v1.6180339 publication quality tables
\heavyrulewidth=\dimen121
\lightrulewidth=\dimen122
\cmidrulewidth=\dimen123
\belowrulesep=\dimen124
\belowbottomsep=\dimen125
\aboverulesep=\dimen126
\abovetopsep=\dimen127
\cmidrulesep=\dimen128
\cmidrulekern=\dimen129
\defaultaddspace=\dimen130
\@cmidla=\count119
\@cmidlb=\count120
\@aboverulesep=\dimen131
\@belowrulesep=\dimen132
\@thisruleclass=\count121
\@lastruleclass=\count122
\@thisrulewidth=\dimen133
)
(/usr/local/share/texlive/texmf-dist/tex/latex/xcolor/xcolor.sty
Package: xcolor 2016/05/11 v2.12 LaTeX color extensions (UK)

(/usr/local/share/texlive/texmf-dist/tex/latex/graphics-cfg/color.cfg
File: color.cfg 2016/01/02 v1.6 sample color configuration
)
Package xcolor Info: Driver file: pdftex.def on input line 225.
LaTeX Info: Redefining \color on input line 709.
Package xcolor Info: Model `cmy' substituted by `cmy0' on input line 1348.
Package xcolor Info: Model `hsb' substituted by `rgb' on input line 1352.
Package xcolor Info: Model `RGB' extended on input line 1364.
Package xcolor Info: Model `HTML' substituted by `rgb' on input line 1366.
Package xcolor Info: Model `Hsb' substituted by `hsb' on input line 1367.
Package xcolor Info: Model `tHsb' substituted by `hsb' on input line 1368.
Package xcolor Info: Model `HSB' substituted by `hsb' on input line 1369.
Package xcolor Info: Model `Gray' substituted by `gray' on input line 1370.
Package xcolor Info: Model `wave' substituted by `hsb' on input line 1371.
)
(/usr/local/share/texlive/texmf-dist/tex/latex/colortbl/colortbl.sty
Package: colortbl 2018/12/12 v1.0d Color table columns (DPC)

(/usr/local/share/texlive/texmf-dist/tex/latex/tools/array.sty
Package: array 2019/08/31 v2.4l Tabular extension package (FMi)
\col@sep=\dimen134
\ar@mcellbox=\box38
\extrarowheight=\dimen135
\NC@list=\toks31
\extratabsurround=\skip71
\backup@length=\skip72
\ar@cellbox=\box39
)
\everycr=\toks32
\minrowclearance=\skip73
)
(/usr/local/share/texlive/texmf-dist/tex/latex/multirow/multirow.sty
Package: multirow 2019/05/31 v2.5 Span multiple rows of a table
\multirow@colwidth=\skip74
\multirow@cntb=\count123
\multirow@dima=\skip75
\bigstrutjot=\dimen136
)
(/usr/local/share/texlive/texmf-dist/tex/latex/tools/tabularx.sty
Package: tabularx 2016/02/03 v2.11b `tabularx' package (DPC)
\TX@col@width=\dimen137
\TX@old@table=\dimen138
\TX@old@col=\dimen139
\TX@target=\dimen140
\TX@delta=\dimen141
\TX@cols=\count124
\TX@ftn=\toks33
)
(/usr/local/share/texlive/texmf-dist/tex/latex/blindtext/blindtext.sty
Package: blindtext 2012/01/06 V2.0 blindtext-Package

(/usr/local/share/texlive/texmf-dist/tex/latex/tools/xspace.sty
Package: xspace 2014/10/28 v1.13 Space after command names (DPC,MH)
)
\c@blindtext=\count125
\c@Blindtext=\count126
\c@blind@countparstart=\count127
\blind@countxx=\count128
\blindtext@numBlindtext=\count129
\blind@countyy=\count130
\c@blindlist=\count131
\c@blindlistlevel=\count132
\c@blindlist@level=\count133
\blind@listitem=\count134
\c@blind@listcount=\count135
\c@blind@levelcount=\count136
\blind@mathformula=\count137
\blind@Mathformula=\count138
\c@blind@randomcount=\count139
\c@blind@randommax=\count140
\c@blind@pangramcount=\count141
\c@blind@pangrammax=\count142
)
(/usr/local/share/texlive/texmf-dist/tex/latex/listings/listings.sty
\lst@mode=\count143
\lst@gtempboxa=\box40
\lst@token=\toks34
\lst@length=\count144
\lst@currlwidth=\dimen142
\lst@column=\count145
\lst@pos=\count146
\lst@lostspace=\dimen143
\lst@width=\dimen144
\lst@newlines=\count147
\lst@lineno=\count148
\lst@maxwidth=\dimen145

(/usr/local/share/texlive/texmf-dist/tex/latex/listings/lstmisc.sty
File: lstmisc.sty 2019/09/10 1.8c (Carsten Heinz)
\c@lstnumber=\count149
\lst@skipnumbers=\count150
\lst@framebox=\box41
)
(/usr/local/share/texlive/texmf-dist/tex/latex/listings/listings.cfg
File: listings.cfg 2019/09/10 1.8c listings configuration
))
Package: listings 2019/09/10 1.8c (Carsten Heinz)

(/usr/local/share/texlive/texmf-dist/tex/latex/appendix/appendix.sty
Package: appendix 2009/09/02 v1.2b extra appendix facilities
\c@@pps=\count151
\c@@ppsavesec=\count152
\c@@ppsaveapp=\count153
)
(/usr/local/share/texlive/texmf-dist/tex/latex/titlesec/titletoc.sty
Package: titletoc 2019/10/16 v2.13 TOC entries
\ttl@leftsep=\dimen146
)
(/usr/local/share/texlive/texmf-dist/tex/latex/regexpatch/regexpatch.sty
(/usr/local/share/texlive/texmf-dist/tex/latex/l3kernel/expl3.sty
Package: expl3 2019-11-07 L3 programming layer (loader) 

(/usr/local/share/texlive/texmf-dist/tex/latex/l3kernel/expl3-code.tex
Package: expl3 2019-11-07 L3 programming layer (code)
\c_max_int=\count154
\l_tmpa_int=\count155
\l_tmpb_int=\count156
\g_tmpa_int=\count157
\g_tmpb_int=\count158
\l__seq_internal_a_int=\count159
\l__seq_internal_b_int=\count160
\g__kernel_prg_map_int=\count161
\c__ior_term_noprompt_ior=\count162
\c_log_iow=\count163
\l_iow_line_count_int=\count164
\l__iow_line_target_int=\count165
\l__iow_one_indent_int=\count166
\l__iow_indent_int=\count167
\c_zero_dim=\dimen147
\c_max_dim=\dimen148
\l_tmpa_dim=\dimen149
\l_tmpb_dim=\dimen150
\g_tmpa_dim=\dimen151
\g_tmpb_dim=\dimen152
\c_zero_skip=\skip76
\c_max_skip=\skip77
\l_tmpa_skip=\skip78
\l_tmpb_skip=\skip79
\g_tmpa_skip=\skip80
\g_tmpb_skip=\skip81
\c_zero_muskip=\muskip12
\c_max_muskip=\muskip13
\l_tmpa_muskip=\muskip14
\l_tmpb_muskip=\muskip15
\g_tmpa_muskip=\muskip16
\g_tmpb_muskip=\muskip17
\l_keys_choice_int=\count168
\l__intarray_loop_int=\count169
\c__intarray_sp_dim=\dimen153
\g__intarray_font_int=\count170
\c__fp_leading_shift_int=\count171
\c__fp_middle_shift_int=\count172
\c__fp_trailing_shift_int=\count173
\c__fp_big_leading_shift_int=\count174
\c__fp_big_middle_shift_int=\count175
\c__fp_big_trailing_shift_int=\count176
\c__fp_Bigg_leading_shift_int=\count177
\c__fp_Bigg_middle_shift_int=\count178
\c__fp_Bigg_trailing_shift_int=\count179
\c__kernel_randint_max_int=\count180
\g__fp_array_int=\count181
\l__fp_array_loop_int=\count182
\l__sort_length_int=\count183
\l__sort_min_int=\count184
\l__sort_top_int=\count185
\l__sort_max_int=\count186
\l__sort_true_max_int=\count187
\l__sort_block_int=\count188
\l__sort_begin_int=\count189
\l__sort_end_int=\count190
\l__sort_A_int=\count191
\l__sort_B_int=\count192
\l__sort_C_int=\count193
\l__str_internal_int=\count194
\c__str_replacement_char_int=\count195
\l__tl_analysis_normal_int=\count196
\l__tl_analysis_index_int=\count197
\l__tl_analysis_nesting_int=\count198
\l__tl_analysis_type_int=\count199
\l__regex_internal_a_int=\count266
\l__regex_internal_b_int=\count267
\l__regex_internal_c_int=\count268
\l__regex_balance_int=\count269
\l__regex_group_level_int=\count270
\l__regex_mode_int=\count271
\c__regex_cs_in_class_mode_int=\count272
\c__regex_cs_mode_int=\count273
\l__regex_catcodes_int=\count274
\l__regex_default_catcodes_int=\count275
\c__regex_catcode_D_int=\count276
\c__regex_catcode_S_int=\count277
\c__regex_catcode_L_int=\count278
\c__regex_catcode_O_int=\count279
\c__regex_catcode_A_int=\count280
\c__regex_all_catcodes_int=\count281
\l__regex_show_lines_int=\count282
\l__regex_min_state_int=\count283
\l__regex_max_state_int=\count284
\l__regex_left_state_int=\count285
\l__regex_right_state_int=\count286
\l__regex_capturing_group_int=\count287
\l__regex_min_pos_int=\count288
\l__regex_max_pos_int=\count289
\l__regex_curr_pos_int=\count290
\l__regex_start_pos_int=\count291
\l__regex_success_pos_int=\count292
\l__regex_curr_char_int=\count293
\l__regex_curr_catcode_int=\count294
\l__regex_last_char_int=\count295
\l__regex_case_changed_char_int=\count296
\l__regex_curr_state_int=\count297
\l__regex_step_int=\count298
\l__regex_min_active_int=\count299
\l__regex_max_active_int=\count300
\l__regex_replacement_csnames_int=\count301
\l__regex_match_count_int=\count302
\l__regex_min_submatch_int=\count303
\l__regex_submatch_int=\count304
\l__regex_zeroth_submatch_int=\count305
\g__regex_trace_regex_int=\count306
\c_empty_box=\box42
\l_tmpa_box=\box43
\l_tmpb_box=\box44
\g_tmpa_box=\box45
\g_tmpb_box=\box46
\l__box_top_dim=\dimen154
\l__box_bottom_dim=\dimen155
\l__box_left_dim=\dimen156
\l__box_right_dim=\dimen157
\l__box_top_new_dim=\dimen158
\l__box_bottom_new_dim=\dimen159
\l__box_left_new_dim=\dimen160
\l__box_right_new_dim=\dimen161
\l__box_internal_box=\box47
\l__coffin_internal_box=\box48
\l__coffin_internal_dim=\dimen162
\l__coffin_offset_x_dim=\dimen163
\l__coffin_offset_y_dim=\dimen164
\l__coffin_x_dim=\dimen165
\l__coffin_y_dim=\dimen166
\l__coffin_x_prime_dim=\dimen167
\l__coffin_y_prime_dim=\dimen168
\c_empty_coffin=\box49
\l__coffin_aligned_coffin=\box50
\l__coffin_aligned_internal_coffin=\box51
\l_tmpa_coffin=\box52
\l_tmpb_coffin=\box53
\g_tmpa_coffin=\box54
\g_tmpb_coffin=\box55
\l__coffin_bounding_shift_dim=\dimen169
\l__coffin_left_corner_dim=\dimen170
\l__coffin_right_corner_dim=\dimen171
\l__coffin_bottom_corner_dim=\dimen172
\l__coffin_top_corner_dim=\dimen173
\l__coffin_scaled_total_height_dim=\dimen174
\l__coffin_scaled_width_dim=\dimen175
\c__coffin_empty_coffin=\box56
\l__coffin_display_coffin=\box57
\l__coffin_display_coord_coffin=\box58
\l__coffin_display_pole_coffin=\box59
\l__coffin_display_offset_dim=\dimen176
\l__coffin_display_x_dim=\dimen177
\l__coffin_display_y_dim=\dimen178
\g__char_data_ior=\read1

(/usr/local/share/texlive/texmf-dist/tex/latex/l3kernel/l3deprecation.def
File: l3deprecation.def 2019-04-06 v L3 Deprecated functions
))
(/usr/local/share/texlive/texmf-dist/tex/latex/l3backend/l3backend-pdfmode.def
File: l3backend-pdfmode.def 2019-04-06 L3 backend support: PDF mode
\l__kernel_color_stack_int=\count307
\l__pdf_internal_box=\box60
))
Package: regexpatch 2018/05/02 v0.2d Extending etoolbox patching commands
 (/usr/local/share/texlive/texmf-dist/tex/latex/l3packages/xparse/xparse.sty
Package: xparse 2019-10-11 L3 Experimental document command parser
\l__xparse_current_arg_int=\count308
\g__xparse_grabber_int=\count309
\l__xparse_m_args_int=\count310
\l__xparse_v_nesting_int=\count311
))) (/usr/local/share/texlive/texmf-dist/tex/latex/subfiles/subfiles.sty
Package: subfiles 2019/10/30 v1.5 Multi-file projects (package)

(/usr/local/share/texlive/texmf-dist/tex/latex/import/import.sty
Package: import 2009/03/23  v 5.1
))
(/usr/local/share/texlive/texmf-dist/tex/latex/algorithm2e/algorithm2e.sty
Package: algorithm2e 2017/07/18 v5.2 algorithms environments
\c@AlgoLine=\count312
\algocf@hangindent=\skip82

(/usr/local/share/texlive/texmf-dist/tex/latex/ifoddpage/ifoddpage.sty
Package: ifoddpage 2016/04/23 v1.1 Conditionals for odd/even page detection
\c@checkoddpage=\count313
)
(/usr/local/share/texlive/texmf-dist/tex/latex/relsize/relsize.sty
Package: relsize 2013/03/29 ver 4.1
)
\skiptotal=\skip83
\skiplinenumber=\skip84
\skiprule=\skip85
\skiphlne=\skip86
\skiptext=\skip87
\skiplength=\skip88
\algomargin=\skip89
\skipalgocfslide=\skip90
\algowidth=\dimen179
\inoutsize=\dimen180
\inoutindent=\dimen181
\interspacetitleruled=\dimen182
\interspacealgoruled=\dimen183
\interspacetitleboxruled=\dimen184
\algocf@ruledwidth=\skip91
\algocf@inoutbox=\box61
\algocf@inputbox=\box62
\AlCapSkip=\skip92
\AlCapHSkip=\skip93
\algoskipindent=\skip94
\algocf@nlbox=\box63
\algocf@hangingbox=\box64
\algocf@untilbox=\box65
\algocf@skipuntil=\skip95
\algocf@capbox=\box66
\algocf@lcaptionbox=\skip96
\algoheightruledefault=\skip97
\algoheightrule=\skip98
\algotitleheightruledefault=\skip99
\algotitleheightrule=\skip100
\c@algocfline=\count314
\c@algocfproc=\count315
\c@algocf=\count316
\algocf@algoframe=\box67
\algocf@algobox=\box68
)
(/usr/local/share/texlive/texmf-dist/tex/latex/caption/subcaption.sty
Package: subcaption 2019/09/01 v1.3a Sub-captions (AR)

(/usr/local/share/texlive/texmf-dist/tex/latex/caption/caption.sty
Package: caption 2019/10/18 v3.4a Customizing captions (AR)

(/usr/local/share/texlive/texmf-dist/tex/latex/caption/caption3.sty
Package: caption3 2019/09/09 v1.8e caption3 kernel (AR)
Package caption3 Info: TeX engine: e-TeX on input line 64.
\captionmargin=\dimen185
\captionmargin@=\dimen186
\captionwidth=\dimen187
\caption@tempdima=\dimen188
\caption@indent=\dimen189
\caption@parindent=\dimen190
\caption@hangindent=\dimen191
Package caption Info: Standard document class detected.
)
\c@caption@flags=\count317
\c@continuedfloat=\count318
Package caption Info: float package is loaded.
Package caption Info: listings package is loaded.
Package caption Info: longtable package is loaded.

(/usr/local/share/texlive/texmf-dist/tex/latex/caption/ltcaption.sty
Package: ltcaption 2018/08/26 v1.4a longtable captions (AR)
))
\c@subfigure=\count319
\c@subtable=\count320
)
(/usr/local/share/texlive/texmf-dist/tex/latex/hyperref/hyperref.sty
Package: hyperref 2019/11/10 v7.00c Hypertext links for LaTeX

(/usr/local/share/texlive/texmf-dist/tex/latex/pdftexcmds/pdftexcmds.sty
Package: pdftexcmds 2019/11/24 v0.31 Utility functions of pdfTeX for LuaTeX (HO
)
Package pdftexcmds Info: \pdf@primitive is available.
Package pdftexcmds Info: \pdf@ifprimitive is available.
Package pdftexcmds Info: \pdfdraftmode found.
)
(/usr/local/share/texlive/texmf-dist/tex/generic/kvsetkeys/kvsetkeys.sty
Package: kvsetkeys 2019/12/15 v1.18 Key value parser (HO)
)
(/usr/local/share/texlive/texmf-dist/tex/generic/kvdefinekeys/kvdefinekeys.sty
Package: kvdefinekeys 2019/12/15 v1.5 Define keys (HO)
) (/usr/local/share/texlive/texmf-dist/tex/generic/pdfescape/pdfescape.sty
Package: pdfescape 2019/12/09 v1.15 Implements pdfTeX's escape features (HO)
)
(/usr/local/share/texlive/texmf-dist/tex/latex/hycolor/hycolor.sty
Package: hycolor 2019/12/15 v1.9 Color options for hyperref/bookmark (HO)

(/usr/local/share/texlive/texmf-dist/tex/latex/hycolor/xcolor-patch.sty
Package: xcolor-patch 2019/12/15 xcolor patch

(/usr/local/share/texlive/texmf-dist/tex/latex/oberdiek/hopatch.sty
Package: hopatch 2016/05/16 v1.3 Wrapper for package hooks (HO)
)))
(/usr/local/share/texlive/texmf-dist/tex/latex/letltxmacro/letltxmacro.sty
Package: letltxmacro 2019/12/03 v1.6 Let assignment for LaTeX macros (HO)
)
(/usr/local/share/texlive/texmf-dist/tex/latex/auxhook/auxhook.sty
Package: auxhook 2019-12-17 v1.6 Hooks for auxiliary files (HO)
)
(/usr/local/share/texlive/texmf-dist/tex/latex/kvoptions/kvoptions.sty
Package: kvoptions 2019/11/29 v3.13 Key value format for package options (HO)
)
\@linkdim=\dimen192
\Hy@linkcounter=\count321
\Hy@pagecounter=\count322

(/usr/local/share/texlive/texmf-dist/tex/latex/hyperref/pd1enc.def
File: pd1enc.def 2019/11/10 v7.00c Hyperref: PDFDocEncoding definition (HO)
Now handling font encoding PD1 ...
... no UTF-8 mapping file for font encoding PD1
)
(/usr/local/share/texlive/texmf-dist/tex/generic/intcalc/intcalc.sty
Package: intcalc 2019/12/15 v1.3 Expandable calculations with integers (HO)
)
(/usr/local/share/texlive/texmf-dist/tex/generic/etexcmds/etexcmds.sty
Package: etexcmds 2019/12/15 v1.7 Avoid name clashes with e-TeX commands (HO)
)
\Hy@SavedSpaceFactor=\count323

(/usr/local/share/texlive/texmf-dist/tex/latex/latexconfig/hyperref.cfg
File: hyperref.cfg 2002/06/06 v1.2 hyperref configuration of TeXLive
)
Package hyperref Info: Option `unicode' set `true' on input line 4409.

(/usr/local/share/texlive/texmf-dist/tex/latex/hyperref/puenc.def
File: puenc.def 2019/11/10 v7.00c Hyperref: PDF Unicode definition (HO)
Now handling font encoding PU ...
... no UTF-8 mapping file for font encoding PU
)
Package hyperref Info: Option `colorlinks' set `true' on input line 4409.
Package hyperref Info: Option `hyperindex' set `true' on input line 4409.
Package hyperref Info: Option `plainpages' set `false' on input line 4409.
Package hyperref Info: Hyper figures OFF on input line 4535.
Package hyperref Info: Link nesting OFF on input line 4540.
Package hyperref Info: Hyper index ON on input line 4543.
Package hyperref Info: Plain pages OFF on input line 4550.
Package hyperref Info: Backreferencing OFF on input line 4555.
Package hyperref Info: Implicit mode ON; LaTeX internals redefined.
Package hyperref Info: Bookmarks ON on input line 4788.
\c@Hy@tempcnt=\count324
LaTeX Info: Redefining \url on input line 5147.
\XeTeXLinkMargin=\dimen193

(/usr/local/share/texlive/texmf-dist/tex/generic/bitset/bitset.sty
Package: bitset 2019/12/09 v1.3 Handle bit-vector datatype (HO)

(/usr/local/share/texlive/texmf-dist/tex/generic/bigintcalc/bigintcalc.sty
Package: bigintcalc 2019/12/15 v1.5 Expandable calculations on big integers (HO
)
))
\Fld@menulength=\count325
\Field@Width=\dimen194
\Fld@charsize=\dimen195
Package hyperref Info: Hyper figures OFF on input line 6418.
Package hyperref Info: Link nesting OFF on input line 6423.
Package hyperref Info: Hyper index ON on input line 6426.
Package hyperref Info: backreferencing OFF on input line 6433.
Package hyperref Info: Link coloring ON on input line 6436.
Package hyperref Info: Link coloring with OCG OFF on input line 6443.
Package hyperref Info: PDF/A mode OFF on input line 6448.
LaTeX Info: Redefining \ref on input line 6488.
LaTeX Info: Redefining \pageref on input line 6492.
\Hy@abspage=\count326
\c@Item=\count327
\c@Hfootnote=\count328
)
Package hyperref Info: Driver: hpdftex.

(/usr/local/share/texlive/texmf-dist/tex/latex/hyperref/hpdftex.def
File: hpdftex.def 2019/11/10 v7.00c Hyperref driver for pdfTeX

(/usr/local/share/texlive/texmf-dist/tex/latex/atveryend/atveryend.sty
Package: atveryend 2019-12-11 v1.11 Hooks at the very end of document (HO)
)
\Fld@listcount=\count329
\c@bookmark@seq@number=\count330

(/usr/local/share/texlive/texmf-dist/tex/latex/rerunfilecheck/rerunfilecheck.st
y
Package: rerunfilecheck 2019/12/05 v1.9 Rerun checks for auxiliary files (HO)

(/usr/local/share/texlive/texmf-dist/tex/generic/uniquecounter/uniquecounter.st
y
Package: uniquecounter 2019/12/15 v1.4 Provide unlimited unique counter (HO)
)
Package uniquecounter Info: New unique counter `rerunfilecheck' on input line 2
86.
)
\Hy@SectionHShift=\skip101
) (/usr/local/share/texlive/texmf-dist/tex/latex/oberdiek/hypcap.sty
Package: hypcap 2016/05/16 v1.12 Adjusting the anchors of captions (HO)
)
\enitdp@checklist=\count331


LaTeX Warning: Unused global option(s):
    [pdftex].

(./projekt.aux

LaTeX Warning: Label `systemArchitecture' multiply defined.

)
\openout1 = `projekt.aux'.

LaTeX Font Info:    Checking defaults for OML/cmm/m/it on input line 298.
LaTeX Font Info:    ... okay on input line 298.
LaTeX Font Info:    Checking defaults for T1/cmr/m/n on input line 298.
LaTeX Font Info:    ... okay on input line 298.
LaTeX Font Info:    Checking defaults for OT1/cmr/m/n on input line 298.
LaTeX Font Info:    ... okay on input line 298.
LaTeX Font Info:    Checking defaults for OMS/cmsy/m/n on input line 298.
LaTeX Font Info:    ... okay on input line 298.
LaTeX Font Info:    Checking defaults for OMX/cmex/m/n on input line 298.
LaTeX Font Info:    ... okay on input line 298.
LaTeX Font Info:    Checking defaults for U/cmr/m/n on input line 298.
LaTeX Font Info:    ... okay on input line 298.
LaTeX Font Info:    Checking defaults for PD1/pdf/m/n on input line 298.
LaTeX Font Info:    ... okay on input line 298.
LaTeX Font Info:    Checking defaults for PU/pdf/m/n on input line 298.
LaTeX Font Info:    ... okay on input line 298.
LaTeX Font Info:    Trying to load font information for T1+lmr on input line 29
8.
 (/usr/local/share/texlive/texmf-dist/tex/latex/lm/t1lmr.fd
File: t1lmr.fd 2009/10/30 v1.6 Font defs for Latin Modern
)
ABD: EverySelectfont initializing macros
LaTeX Info: Redefining \selectfont on input line 298.

(/usr/local/share/texlive/texmf-dist/tex/context/base/mkii/supp-pdf.mkii
[Loading MPS to PDF converter (version 2006.09.02).]
\scratchcounter=\count332
\scratchdimen=\dimen196
\scratchbox=\box69
\nofMPsegments=\count333
\nofMParguments=\count334
\everyMPshowfont=\toks35
\MPscratchCnt=\count335
\MPscratchDim=\dimen197
\MPnumerator=\count336
\makeMPintoPDFobject=\count337
\everyMPtoPDFconversion=\toks36
) (/usr/local/share/texlive/texmf-dist/tex/latex/epstopdf-pkg/epstopdf-base.sty
Package: epstopdf-base 2019-12-09 v2.10 Base part for package epstopdf
(/usr/local/share/texlive/texmf-dist/tex/latex/grfext/grfext.sty
Package: grfext 2019/12/03 v1.3 Manage graphics extensions (HO)
)
Package epstopdf-base Info: Redefining graphics rule for `.eps' on input line 4
85.
Package grfext Info: Graphics extension search list:
(grfext)             [.pdf,.png,.jpg,.mps,.jpeg,.jbig2,.jb2,.PDF,.PNG,.JPG,.JPE
G,.JBIG2,.JB2,.eps]
(grfext)             \AppendGraphicsExtensions on input line 504.

(/usr/local/share/texlive/texmf-dist/tex/latex/latexconfig/epstopdf-sys.cfg
File: epstopdf-sys.cfg 2010/07/13 v1.3 Configuration of (r)epstopdf for TeX Liv
e
))
\AtBeginShipoutBox=\box70

(/usr/local/share/texlive/texmf-dist/tex/latex/pdflscape/pdflscape.sty
Package: pdflscape 2019/12/05 v0.12 Display of landscape pages in PDF (HO)

(/usr/local/share/texlive/texmf-dist/tex/latex/graphics/lscape.sty
Package: lscape 2000/10/22 v3.01 Landscape Pages (DPC)
)
Package pdflscape Info: Auto-detected driver: pdftex on input line 81.
)
\c@mv@tabular=\count338
\c@mv@boldtabular=\count339
\c@lstlisting=\count340
Package caption Info: Begin \AtBeginDocument code.
Package caption Info: hyperref package is loaded.
Package caption Info: hypcap package is loaded.
Package caption Info: End \AtBeginDocument code.
Package hyperref Info: Link coloring ON on input line 298.

(/usr/local/share/texlive/texmf-dist/tex/latex/hyperref/nameref.sty
Package: nameref 2019/09/16 v2.46 Cross-referencing by name of section

(/usr/local/share/texlive/texmf-dist/tex/latex/refcount/refcount.sty
Package: refcount 2019/12/15 v3.6 Data extraction from label references (HO)
)
(/usr/local/share/texlive/texmf-dist/tex/generic/gettitlestring/gettitlestring.
sty
Package: gettitlestring 2019/12/15 v1.6 Cleanup title references (HO)
)
\c@section@level=\count341
)
LaTeX Info: Redefining \ref on input line 298.
LaTeX Info: Redefining \pageref on input line 298.
LaTeX Info: Redefining \nameref on input line 298.
 (./projekt.out) (./projekt.out)
\@outlinefile=\write3
\openout3 = `projekt.out'.

LaTeX Font Info:    Trying to load font information for T1+qhv on input line 30
5.

(/usr/local/share/texlive/texmf-dist/tex/latex/tex-gyre/t1qhv.fd
File: t1qhv.fd 2009/09/25 v1.2 font definition file for T1/qhv
)
\@obrlogo=\box71
\@rtext=\box72
\@vyskartext=\skip102
\@sirkartext=\skip103
\@vyskaobr=\skip104
\@sirkaobr=\skip105
<template-fig/VUT_symbol_barevne_CMYK_CZ.pdf, id=201, 167.13641pt x 165.87971pt
>
File: template-fig/VUT_symbol_barevne_CMYK_CZ.pdf Graphic file (type pdf)
<use template-fig/VUT_symbol_barevne_CMYK_CZ.pdf>
Package pdftex.def Info: template-fig/VUT_symbol_barevne_CMYK_CZ.pdf  used on i
nput line 305.
(pdftex.def)             Requested size: 116.65646pt x 115.17995pt.
LaTeX Font Info:    Trying to load font information for T1+opensans-TLF on inpu
t line 305.

(/usr/local/share/texlive/texmf-dist/tex/latex/opensans/T1opensans-TLF.fd
File: T1opensans-TLF.fd 2019/06/24 Font definitions for T1/opensans-TLF.
)
LaTeX Font Info:    Font shape `T1/opensans-TLF/m/n' will be
(Font)              scaled to size 18.0pt on input line 305.
LaTeX Font Info:    Font shape `T1/opensans-TLF/bx/n' in size <18> not availabl
e
(Font)              Font shape `T1/opensans-TLF/b/n' tried instead on input lin
e 305.
LaTeX Font Info:    Font shape `T1/opensans-TLF/b/n' will be
(Font)              scaled to size 18.0pt on input line 305.
LaTeX Font Info:    Font shape `T1/opensans-TLF/m/n' will be
(Font)              scaled to size 11.0pt on input line 305.
LaTeX Font Info:    Font shape `T1/opensans-TLF/bx/n' in size <11> not availabl
e
(Font)              Font shape `T1/opensans-TLF/b/n' tried instead on input lin
e 305.
LaTeX Font Info:    Font shape `T1/opensans-TLF/b/n' will be
(Font)              scaled to size 11.0pt on input line 305.
LaTeX Font Info:    Font shape `T1/opensans-TLF/m/n' will be
(Font)              scaled to size 14.0pt on input line 305.
LaTeX Font Info:    Font shape `T1/opensans-TLF/bx/n' in size <14> not availabl
e
(Font)              Font shape `T1/opensans-TLF/b/n' tried instead on input lin
e 305.
LaTeX Font Info:    Font shape `T1/opensans-TLF/b/n' will be
(Font)              scaled to size 14.0pt on input line 305.
LaTeX Font Info:    Font shape `T1/opensans-TLF/m/n' will be
(Font)              scaled to size 10.0pt on input line 305.
LaTeX Font Info:    Font shape `T1/opensans-TLF/bx/n' in size <10> not availabl
e
(Font)              Font shape `T1/opensans-TLF/b/n' tried instead on input lin
e 305.
LaTeX Font Info:    Font shape `T1/opensans-TLF/b/n' will be
(Font)              scaled to size 10.0pt on input line 305.


pdfTeX warning: pdflatex (file ./zadani.pdf): PDF inclusion: found PDF version 
<1.7>, but at most version <1.5> allowed
<zadani.pdf, id=203, 597.50829pt x 845.0471pt>
File: zadani.pdf Graphic file (type pdf)
<use zadani.pdf>
Package pdftex.def Info: zadani.pdf  used on input line 305.
(pdftex.def)             Requested size: 597.50682pt x 845.04504pt.


pdfTeX warning: pdflatex (file ./zadani.pdf): PDF inclusion: found PDF version 
<1.7>, but at most version <1.5> allowed
File: zadani.pdf Graphic file (type pdf)
<use zadani.pdf>
Package pdftex.def Info: zadani.pdf  used on input line 305.
(pdftex.def)             Requested size: 597.50682pt x 845.04504pt.


pdfTeX warning: pdflatex (file ./zadani.pdf): PDF inclusion: found PDF version 
<1.7>, but at most version <1.5> allowed


pdfTeX warning: pdflatex (file ./zadani.pdf): PDF inclusion: found PDF version 
<1.7>, but at most version <1.5> allowed
<zadani.pdf, id=206, page=1, 597.50829pt x 845.0471pt>
File: zadani.pdf Graphic file (type pdf)
<use zadani.pdf, page 1>
Package pdftex.def Info: zadani.pdf , page1 used on input line 305.
(pdftex.def)             Requested size: 597.50682pt x 845.04504pt.
File: zadani.pdf Graphic file (type pdf)
<use zadani.pdf, page 1>
Package pdftex.def Info: zadani.pdf , page1 used on input line 305.
(pdftex.def)             Requested size: 597.53416pt x 845.08372pt.
[1

{/usr/local/share/texlive/texmf-var/fonts/map/pdftex/updmap/pdftex.map} <./temp
late-fig/VUT_symbol_barevne_CMYK_CZ.pdf>]
File: zadani.pdf Graphic file (type pdf)
<use zadani.pdf, page 1>
Package pdftex.def Info: zadani.pdf , page1 used on input line 305.
(pdftex.def)             Requested size: 597.53416pt x 845.08372pt.
File: zadani.pdf Graphic file (type pdf)
<use zadani.pdf, page 1>
Package pdftex.def Info: zadani.pdf , page1 used on input line 305.
(pdftex.def)             Requested size: 597.53416pt x 845.08372pt.
File: zadani.pdf Graphic file (type pdf)
<use zadani.pdf, page 1>
Package pdftex.def Info: zadani.pdf , page1 used on input line 305.
(pdftex.def)             Requested size: 597.53416pt x 845.08372pt.
 [2 <./zadani.pdf>] [3] [4] [5]
[6] (./projekt.toc<<ot1.cmap>><<oml.cmap>><<oms.cmap>><<omx.cmap>>
LaTeX Font Info:    Trying to load font information for U+msa on input line 4.

(/usr/local/share/texlive/texmf-dist/tex/latex/amsfonts/umsa.fd
File: umsa.fd 2013/01/14 v3.01 AMS symbols A
)
LaTeX Font Info:    Trying to load font information for U+msb on input line 4.

(/usr/local/share/texlive/texmf-dist/tex/latex/amsfonts/umsb.fd
File: umsb.fd 2013/01/14 v3.01 AMS symbols B
)pdfTeX warning (ext4): destination with the same identifier (name{page.1}) has
 been already used, duplicate ignored
<to be read again> 
                   \relax 
l.49 ... {5.2.2}ExplorerAPI}{33}{subsection.5.2.2}
                                                  % [1


])
\tf@toc=\write4
\openout4 = `projekt.toc'.

 (./01-introduction.texpdfTeX warning (ext4): destination with the same identif
ier (name{page.2}) has been already used, duplicate ignored
<to be read again> 
                   \relax 
l.1 \chapter
            {Introduction} [2]
Chapter 1.
LaTeX Font Info:    Trying to load font information for T1+lmtt on input line 4
.
(/usr/local/share/texlive/texmf-dist/tex/latex/lm/t1lmtt.fd
File: t1lmtt.fd 2009/10/30 v1.6 Font defs for Latin Modern
))
(./02-cryptocurrencies.texpdfTeX warning (ext4): destination with the same iden
tifier (name{page.3}) has been already used, duplicate ignored
<to be read again> 
                   \relax 
l.1 \chapter
            {Cryptocurrencies} [3

]
Chapter 2.
<images/failedCryptos.PNG, id=374, 743.77875pt x 437.38406pt>
File: images/failedCryptos.PNG Graphic file (type png)
<use images/failedCryptos.PNG>
Package pdftex.def Info: images/failedCryptos.PNG  used on input line 12.
(pdftex.def)             Requested size: 398.33858pt x 234.24843pt.
pdfTeX warning (ext4): destination with the same identifier (name{page.4}) has 
been already used, duplicate ignored
<to be read again> 
                   \relax 
l.20 
      [4

 <./images/failedCryptos.PNG>]

pdfTeX warning: pdflatex (file ./images/genesisBitcoin.pdf): PDF inclusion: fou
nd PDF version <1.7>, but at most version <1.5> allowed
<images/genesisBitcoin.pdf, id=392, 438.63875pt x 293.095pt>
File: images/genesisBitcoin.pdf Graphic file (type pdf)
<use images/genesisBitcoin.pdf>
Package pdftex.def Info: images/genesisBitcoin.pdf  used on input line 23.
(pdftex.def)             Requested size: 398.33858pt x 266.17123pt.
pdfTeX warning (ext4): destination with the same identifier (name{page.5}) has 
been already used, duplicate ignored
<to be read again> 
                   \relax 
l.33 
      [5 <./images/genesisBitcoin.pdf>]pdfTeX warning (ext4): destination with 
the same identifier (name{page.6}) has been already used, duplicate ignored
<to be read again> 
                   \relax 
l.48 
      [6]
LaTeX Font Info:    Trying to load font information for OMS+lmr on input line 5
3.
 (/usr/local/share/texlive/texmf-dist/tex/latex/lm/omslmr.fd
File: omslmr.fd 2009/10/30 v1.6 Font defs for Latin Modern
)
LaTeX Font Info:    Trying to load font information for OMS+lmsy on input line 
53.

(/usr/local/share/texlive/texmf-dist/tex/latex/lm/omslmsy.fd
File: omslmsy.fd 2009/10/30 v1.6 Font defs for Latin Modern
)
LaTeX Font Info:    Font shape `OMS/lmr/m/n' in size <10.95> not available
(Font)              Font shape `OMS/lmsy/m/n' tried instead on input line 53.
) (./04-IPFS.tex
[7]
Chapter 3.
<images/classicWebAddresing.png, id=478, 777.90625pt x 363.3575pt>
File: images/classicWebAddresing.png Graphic file (type png)
<use images/classicWebAddresing.png>
Package pdftex.def Info: images/classicWebAddresing.png  used on input line 11.

(pdftex.def)             Requested size: 312.9803pt x 146.19424pt.

LaTeX Warning: `h' float specifier changed to `ht'.

<images/ipfsAddressing.png, id=479, 688.5725pt x 507.8975pt>
File: images/ipfsAddressing.png Graphic file (type png)
<use images/ipfsAddressing.png>
Package pdftex.def Info: images/ipfsAddressing.png  used on input line 18.
(pdftex.def)             Requested size: 312.9803pt x 230.85349pt.

LaTeX Warning: `h' float specifier changed to `ht'.

<images/IPFSstack.png, id=484, 633.36626pt x 345.29pt>
File: images/IPFSstack.png Graphic file (type png)
<use images/IPFSstack.png>
Package pdftex.def Info: images/IPFSstack.png  used on input line 29.
(pdftex.def)             Requested size: 312.9803pt x 170.63193pt.

LaTeX Warning: `h' float specifier changed to `ht'.

[8

] [9 <./images/classicWebAddresing.png> <./images/ipfsAddressing.png>]
[10 <./images/IPFSstack.png>] [11]) (./05-design.tex [12]
Chapter 4.
[13

]
<images/recordConflictSolver.png, id=583, 532.99126pt x 544.0325pt>
File: images/recordConflictSolver.png Graphic file (type png)
<use images/recordConflictSolver.png>
Package pdftex.def Info: images/recordConflictSolver.png  used on input line 26
.
(pdftex.def)             Requested size: 312.9803pt x 319.47386pt.


LaTeX Warning: `h' float specifier changed to `ht'.

[14] [15 <./images/recordConflictSolver.png>]
<images/DBconflict.png, id=612, 683.55376pt x 522.95375pt>
File: images/DBconflict.png Graphic file (type png)
<use images/DBconflict.png>
Package pdftex.def Info: images/DBconflict.png  used on input line 83.
(pdftex.def)             Requested size: 369.88582pt x 282.98929pt.


LaTeX Warning: `h' float specifier changed to `ht'.

[16] [17 <./images/DBconflict.png>]
<images/AppArchitecture.png, id=630, 699.61375pt x 510.90875pt>
File: images/AppArchitecture.png Graphic file (type png)
<use images/AppArchitecture.png>
Package pdftex.def Info: images/AppArchitecture.png  used on input line 115.
(pdftex.def)             Requested size: 312.9803pt x 228.56593pt.
<images/ER.png, id=631, 980.66376pt x 453.695pt>
File: images/ER.png Graphic file (type png)
<use images/ER.png>
Package pdftex.def Info: images/ER.png  used on input line 125.
(pdftex.def)             Requested size: 432.4818pt x 200.08331pt.


LaTeX Warning: `h' float specifier changed to `ht'.

[18 <./images/AppArchitecture.png>] [19 <./images/ER.png>]
<mockups/home.png, id=663, 382.42876pt x 442.65375pt>
File: mockups/home.png Graphic file (type png)
<use mockups/home.png>
Package pdftex.def Info: mockups/home.png  used on input line 158.
(pdftex.def)             Requested size: 172.99007pt x 200.2325pt.
<mockups/blocks.png, id=664, 382.42876pt x 442.65375pt>
File: mockups/blocks.png Graphic file (type png)
<use mockups/blocks.png>
Package pdftex.def Info: mockups/blocks.png  used on input line 164.
(pdftex.def)             Requested size: 172.99007pt x 200.2325pt.


LaTeX Warning: `h' float specifier changed to `ht'.

<mockups/blockDetail.png, id=665, 382.42876pt x 442.65375pt>
File: mockups/blockDetail.png Graphic file (type png)
<use mockups/blockDetail.png>
Package pdftex.def Info: mockups/blockDetail.png  used on input line 175.
(pdftex.def)             Requested size: 172.99007pt x 200.2325pt.
<mockups/address.png, id=666, 382.42876pt x 442.65375pt>
File: mockups/address.png Graphic file (type png)
<use mockups/address.png>
Package pdftex.def Info: mockups/address.png  used on input line 181.
(pdftex.def)             Requested size: 172.99007pt x 200.2325pt.

LaTeX Warning: `h' float specifier changed to `ht'.

[20]
Overfull \hbox (2.43332pt too wide) in paragraph at lines 203--260
[][] [] 
 []


LaTeX Warning: `h' float specifier changed to `ht'.

) (./06-implementation.tex [21 <./mockups/home.png> <./mockups/blocks.png>]
[22 <./mockups/blockDetail.png> <./mockups/address.png>]
Chapter 5.
<images/ExplorerArchitecture.png, id=748, 1036.87375pt x 524.96124pt>
File: images/ExplorerArchitecture.png Graphic file (type png)
<use images/ExplorerArchitecture.png>
Package pdftex.def Info: images/ExplorerArchitecture.png  used on input line 8.

(pdftex.def)             Requested size: 432.4818pt x 218.96027pt.
[23

 <./images/ExplorerArchitecture.png>] [24]
<images/btreeindex.png, id=774, 673.51625pt x 303.1325pt>
File: images/btreeindex.png Graphic file (type png)
<use images/btreeindex.png>
Package pdftex.def Info: images/btreeindex.png  used on input line 40.
(pdftex.def)             Requested size: 369.88582pt x 166.47824pt.
<images/btreeIndexQuery.png, id=776, 673.51625pt x 304.13625pt>
File: images/btreeIndexQuery.png Graphic file (type png)
<use images/btreeIndexQuery.png>
Package pdftex.def Info: images/btreeIndexQuery.png  used on input line 50.
(pdftex.def)             Requested size: 369.88582pt x 167.02948pt.
 [25 <./images/btreeindex.png>]
Underfull \hbox (badness 1052) in paragraph at lines 69--70
[]\T1/lmtt/m/n/10.95 and(childQuery) \T1/lmr/m/n/10.95 -- log-i-cal and be-twee
n two queries. Par-ent query re-solves
 []

[26 <./images/btreeindexQuery.png>]
<images/queryStateDiagram.png, id=795, 1826.825pt x 419.5675pt>
File: images/queryStateDiagram.png Graphic file (type png)
<use images/queryStateDiagram.png>
Package pdftex.def Info: images/queryStateDiagram.png  used on input line 79.
(pdftex.def)             Requested size: 432.4818pt x 99.3282pt.


LaTeX Warning: `h' float specifier changed to `ht'.

[27 <./images/queryStateDiagram.png>] [28]
<images/syncDB.png, id=851, 466.74374pt x 518.93875pt>
File: images/syncDB.png Graphic file (type png)
<use images/syncDB.png>
Package pdftex.def Info: images/syncDB.png  used on input line 162.
(pdftex.def)             Requested size: 284.52756pt x 316.35422pt.


LaTeX Warning: `h' float specifier changed to `ht'.


LaTeX Warning: `h' float specifier changed to `ht'.

[29] [30 <./images/syncDB.png>]
<images/explorerGuiHomeFrame.png, id=876, 1202.4925pt x 956.57375pt>
File: images/explorerGuiHomeFrame.png Graphic file (type png)
<use images/explorerGuiHomeFrame.png>
Package pdftex.def Info: images/explorerGuiHomeFrame.png  used on input line 22
5.
(pdftex.def)             Requested size: 216.24089pt x 172.01529pt.
<images/explorerGuiBlockDetailFrame.png, id=877, 1199.48125pt x 1030.85126pt>
File: images/explorerGuiBlockDetailFrame.png Graphic file (type png)
<use images/explorerGuiBlockDetailFrame.png>
Package pdftex.def Info: images/explorerGuiBlockDetailFrame.png  used on input 
line 231.
(pdftex.def)             Requested size: 216.24089pt x 185.82835pt.
<images/explorerGuiAddressFrame.png, id=878, 1201.48875pt x 856.19875pt>
File: images/explorerGuiAddressFrame.png Graphic file (type png)
<use images/explorerGuiAddressFrame.png>
Package pdftex.def Info: images/explorerGuiAddressFrame.png  used on input line
 237.
(pdftex.def)             Requested size: 216.24089pt x 154.09605pt.
<images/explorerGuiBlocksFrame.png, id=879, 1202.4925pt x 946.53625pt>
File: images/explorerGuiBlocksFrame.png Graphic file (type png)
<use images/explorerGuiBlocksFrame.png>
Package pdftex.def Info: images/explorerGuiBlocksFrame.png  used on input line 
243.
(pdftex.def)             Requested size: 216.24089pt x 170.2103pt.


LaTeX Warning: `h' float specifier changed to `ht'.

[31]

LaTeX Warning: `h' float specifier changed to `ht'.

<images/explorerGuiPlaygroundFrame.png, id=924, 1190.4475pt x 1120.185pt>
File: images/explorerGuiPlaygroundFrame.png Graphic file (type png)
<use images/explorerGuiPlaygroundFrame.png>
Package pdftex.def Info: images/explorerGuiPlaygroundFrame.png  used on input l
ine 280.
(pdftex.def)             Requested size: 369.88582pt x 348.04002pt.

LaTeX Warning: `h' float specifier changed to `ht'.

[32 <./images/explorerGuiHomeFrame.png> <./images/explorerGuiBlockDetailFrame.p
ng> <./images/explorerGuiAddressFrame.png> <./images/explorerGuiBlocksFrame.png
>]) (./07-testing.tex [33] [34 <./images/explorerGuiPlaygroundFrame.png>]
Chapter 6.
) (./09-benchmarking.tex [35

]
Chapter 7.
[36

] (/usr/local/share/texlive/texmf-dist/tex/latex/listings/lstlang1.sty
File: lstlang1.sty 2019/09/10 1.8c listings language file
)
(/usr/local/share/texlive/texmf-dist/tex/latex/listings/lstmisc.sty
File: lstmisc.sty 2019/09/10 1.8c (Carsten Heinz)
)
Overfull \hbox (10.166pt too wide) in paragraph at lines 18--19
[][][][][][][][][][][][][] 
 []


Overfull \hbox (24.4374pt too wide) in paragraph at lines 19--20
[][][][][][][][][][][][][][][] 
 []


Overfull \hbox (7.28522pt too wide) in paragraph at lines 20--21
[][][][][][][][][][] 
 []


Overfull \hbox (5.95186pt too wide) in paragraph at lines 21--22
[][][][][][][][][][] 
 []


Overfull \hbox (4.59616pt too wide) in paragraph at lines 25--26
[][][][][][][][][][][] 
 []


Overfull \hbox (30.65991pt too wide) in paragraph at lines 26--27
[][][][][][][][][][][][][][][] 
 []


Overfull \hbox (2.67702pt too wide) in paragraph at lines 29--30
[][][][][][][][][][][][][] 
 []


Overfull \hbox (24.4374pt too wide) in paragraph at lines 30--31
[][][][][][][][][][][][][][][] 
 []


Overfull \hbox (10.9628pt too wide) in paragraph at lines 33--34
[][][][][][][][][][] 
 []


Overfull \hbox (2.48517pt too wide) in paragraph at lines 36--37
[][][][][][][][][][][] 
 []


Overfull \hbox (5.94402pt too wide) in paragraph at lines 43--44
[][][][][][][][][][][] 
 []


Overfull \hbox (14.07928pt too wide) in paragraph at lines 44--45
[][][][][][][][][][][][] 
 []


Overfull \hbox (3.06323pt too wide) in paragraph at lines 45--46
[][][][][][][][] 
 []


Overfull \hbox (1.72987pt too wide) in paragraph at lines 46--47
[][][][][][][][] 
 []


Overfull \hbox (14.07928pt too wide) in paragraph at lines 53--54
[][][][][][][][][][][][] 
 []


Overfull \hbox (6.74081pt too wide) in paragraph at lines 56--57
[][][][][][][][] 
 []


Overfull \hbox (13.0073pt too wide) in paragraph at lines 66--67
[][][][][][][][][][][][][][][][][][] 
 []


Overfull \hbox (6.78568pt too wide) in paragraph at lines 70--71
[][][][][][][][][][][][][][][][][][] 
 []


Overfull \hbox (13.0073pt too wide) in paragraph at lines 75--76
[][][][][][][][][][][][][][][][][][] 
 []

LaTeX Font Info:    Font shape `OMS/lmr/m/n' in size <6> not available
(Font)              Font shape `OMS/lmsy/m/n' tried instead on input line 94.

Overfull \hbox (2.40282pt too wide) in paragraph at lines 94--95
[][][][][][][][][][][] 
 []


Overfull \hbox (28.36333pt too wide) in paragraph at lines 99--100
[][][][][][][][][][][][][][][][] 
 []


Overfull \hbox (2.40282pt too wide) in paragraph at lines 106--107
[][][][][][][][][][][] 
 []


Overfull \hbox (22.52504pt too wide) in paragraph at lines 111--112
[][][][][][][][][][][][][][][][][][] 
 []


Overfull \hbox (32.85255pt too wide) in paragraph at lines 122--123
[][][][][][][][][][][][][][][][][][][][] 
 []



pdfTeX warning: pdflatex (file ./excel/1per.pdf): PDF inclusion: found PDF vers
ion <1.7>, but at most version <1.5> allowed
<excel/1per.pdf, id=994, 845.07718pt x 597.55246pt>
File: excel/1per.pdf Graphic file (type pdf)
<use excel/1per.pdf>
Package pdftex.def Info: excel/1per.pdf  used on input line 138.
(pdftex.def)             Requested size: 216.24089pt x 150.63487pt.


pdfTeX warning: pdflatex (file ./excel/1cpu.pdf): PDF inclusion: found PDF vers
ion <1.7>, but at most version <1.5> allowed
<excel/1cpu.pdf, id=996, 845.07718pt x 597.55246pt>
File: excel/1cpu.pdf Graphic file (type pdf)
<use excel/1cpu.pdf>
Package pdftex.def Info: excel/1cpu.pdf  used on input line 144.
(pdftex.def)             Requested size: 216.24089pt x 150.63487pt.

Overfull \hbox (2.43332pt too wide) in paragraph at lines 136--148
[]$[]$ $[]$ 
 []


LaTeX Warning: `h' float specifier changed to `ht'.



pdfTeX warning: pdflatex (file ./excel/20per.pdf): PDF inclusion: found PDF ver
sion <1.7>, but at most version <1.5> allowed
<excel/20per.pdf, id=1000, 845.07718pt x 597.55246pt>
File: excel/20per.pdf Graphic file (type pdf)
<use excel/20per.pdf>
Package pdftex.def Info: excel/20per.pdf  used on input line 159.
(pdftex.def)             Requested size: 216.24089pt x 150.63487pt.


pdfTeX warning: pdflatex (file ./excel/20cpu.pdf): PDF inclusion: found PDF ver
sion <1.7>, but at most version <1.5> allowed
<excel/20cpu.pdf, id=1002, 845.07718pt x 597.55246pt>
File: excel/20cpu.pdf Graphic file (type pdf)
<use excel/20cpu.pdf>
Package pdftex.def Info: excel/20cpu.pdf  used on input line 165.
(pdftex.def)             Requested size: 216.24089pt x 150.63487pt.

Overfull \hbox (2.43332pt too wide) in paragraph at lines 157--169
[]$[]$ $[]$ 
 []

[37]

pdfTeX warning: pdflatex (file ./excel/80per.pdf): PDF inclusion: found PDF ver
sion <1.7>, but at most version <1.5> allowed
<excel/80per.pdf, id=1100, 845.07718pt x 597.55246pt>
File: excel/80per.pdf Graphic file (type pdf)
<use excel/80per.pdf>
Package pdftex.def Info: excel/80per.pdf  used on input line 180.
(pdftex.def)             Requested size: 216.24089pt x 150.63487pt.


pdfTeX warning: pdflatex (file ./excel/80cpu.pdf): PDF inclusion: found PDF ver
sion <1.7>, but at most version <1.5> allowed
<excel/80cpu.pdf, id=1102, 845.07718pt x 597.55246pt>
File: excel/80cpu.pdf Graphic file (type pdf)
<use excel/80cpu.pdf>
Package pdftex.def Info: excel/80cpu.pdf  used on input line 186.
(pdftex.def)             Requested size: 216.24089pt x 150.63487pt.

Overfull \hbox (2.43332pt too wide) in paragraph at lines 178--190
[]$[]$ $[]$ 
 []


LaTeX Warning: `h' float specifier changed to `ht'.

[38 <./excel/1per.pdf> <./excel/1cpu.pdf> <./excel/20per.pdf> <./excel/20cpu.pd
f>]

pdfTeX warning: pdflatex (file ./excel/150per.pdf): PDF inclusion: found PDF ve
rsion <1.7>, but at most version <1.5> allowed
<excel/150per.pdf, id=1141, 845.07718pt x 597.55246pt>
File: excel/150per.pdf Graphic file (type pdf)
<use excel/150per.pdf>
Package pdftex.def Info: excel/150per.pdf  used on input line 200.
(pdftex.def)             Requested size: 216.24089pt x 150.63487pt.


pdfTeX warning: pdflatex (file ./excel/150cpu.pdf): PDF inclusion: found PDF ve
rsion <1.7>, but at most version <1.5> allowed
<excel/150cpu.pdf, id=1143, 845.07718pt x 597.55246pt>
File: excel/150cpu.pdf Graphic file (type pdf)
<use excel/150cpu.pdf>
Package pdftex.def Info: excel/150cpu.pdf  used on input line 206.
(pdftex.def)             Requested size: 216.24089pt x 150.63487pt.

Overfull \hbox (2.43332pt too wide) in paragraph at lines 198--210
[]$[]$ $[]$ 
 []


Underfull \hbox (badness 4013) in paragraph at lines 223--223
[]|\T1/lmr/bx/n/10.95 Traditional blockchain
 []


Underfull \hbox (badness 10000) in paragraph at lines 223--223
\T1/lmr/bx/n/10.95 ex-plorer (Block-book,
 []


Underfull \hbox (badness 6284) in paragraph at lines 225--225
\T1/lmr/m/n/10.95 trans-ac-tions and
 []


Underfull \hbox (badness 6445) in paragraph at lines 226--226
[]|\T1/lmr/m/n/10.95 Complex queries
 []


Underfull \hbox (badness 1082) in paragraph at lines 227--227
[]|\T1/lmr/m/n/10.95 No, but fil-ter-ing can be
 []


Underfull \hbox (badness 10000) in paragraph at lines 229--229
[]|\T1/lmr/m/n/10.95 Blockchain syn-
 []


Underfull \hbox (badness 5681) in paragraph at lines 229--229
[]|\T1/lmr/m/n/10.95 Typically slower but it
 []


Underfull \hbox (badness 7631) in paragraph at lines 229--229
\T1/lmr/m/n/10.95 de-pends on how many
 []


Underfull \hbox (badness 4391) in paragraph at lines 229--229
\T1/lmr/m/n/10.95 Feed-ers are work-ing on
 []


Underfull \hbox (badness 4168) in paragraph at lines 230--230
[]|\T1/lmr/m/n/10.95 Get block-/-trans-
 []


Underfull \hbox (badness 10000) in paragraph at lines 232--232
[]|\T1/lmr/m/n/10.95 Multiple coins
 []

) (./10-conclusion.tex [39 <./excel/80per.pdf> <./excel/80cpu.pdf> <./excel/150
per.pdf> <./excel/150cpu.pdf>] [40]
Chapter 8.
) (./projekt.bbl [41

] [42

])
\c@ttl@toc@chapters=\count342
 (./30-appendices.tex [43]
Appendix A.
)
\tf@ptc=\write5
\openout5 = `projekt.ptc'.

Package atveryend Info: Empty hook `BeforeClearDocument' on input line 438.
 [44

]
Package atveryend Info: Empty hook `AfterLastShipout' on input line 438.
 (./projekt.aux)
Package atveryend Info: Executing hook `AtVeryEndDocument' on input line 438.
Package atveryend Info: Executing hook `AtEndAfterFileList' on input line 438.
Package rerunfilecheck Info: File `projekt.out' has not changed.
(rerunfilecheck)             Checksum: A1418A7EF9D9A1393D08C86137843273;6053.


LaTeX Warning: There were multiply-defined labels.

 ) 
Here is how much of TeX's memory you used:
 29628 strings out of 492163
 486653 string characters out of 6122446
 806377 words of memory out of 5000000
 33025 multiletter control sequences out of 15000+600000
 627098 words of font info for 102 fonts, out of 8000000 for 9000
 1141 hyphenation exceptions out of 8191
 62i,18n,132p,4716b,1742s stack positions out of 5000i,500n,10000p,200000b,80000s
{/usr/local/share/texlive/texmf-dist/fonts/enc/dvips/lm/lm-ec.enc}{/usr/local
/share/texlive/texmf-dist/fonts/enc/dvips/lm/lm-mathsy.enc}{/usr/local/share/te
xlive/texmf-dist/fonts/enc/dvips/opensans/a_jg4h6q.enc}</usr/local/share/texliv
e/texmf-dist/fonts/type1/ascender/opensans/OpenSans-Bold.pfb></usr/local/share/
texlive/texmf-dist/fonts/type1/public/amsfonts/cm/cmmi10.pfb></usr/local/share/
texlive/texmf-dist/fonts/type1/public/amsfonts/cm/cmmi9.pfb></usr/local/share/t
exlive/texmf-dist/fonts/type1/public/lm/lmbx10.pfb></usr/local/share/texlive/te
xmf-dist/fonts/type1/public/lm/lmbx12.pfb></usr/local/share/texlive/texmf-dist/
fonts/type1/public/lm/lmbx6.pfb></usr/local/share/texlive/texmf-dist/fonts/type
1/public/lm/lmcsc10.pfb></usr/local/share/texlive/texmf-dist/fonts/type1/public
/lm/lmr10.pfb></usr/local/share/texlive/texmf-dist/fonts/type1/public/lm/lmr6.p
fb></usr/local/share/texlive/texmf-dist/fonts/type1/public/lm/lmr8.pfb></usr/lo
cal/share/texlive/texmf-dist/fonts/type1/public/lm/lmr9.pfb></usr/local/share/t
exlive/texmf-dist/fonts/type1/public/lm/lmri10.pfb></usr/local/share/texlive/te
xmf-dist/fonts/type1/public/lm/lmsy10.pfb></usr/local/share/texlive/texmf-dist/
fonts/type1/public/lm/lmsy6.pfb></usr/local/share/texlive/texmf-dist/fonts/type
1/public/lm/lmtt10.pfb></usr/local/share/texlive/texmf-dist/fonts/type1/public/
lm/lmtt9.pfb>
Output written on projekt.pdf (50 pages, 2764448 bytes).
PDF statistics:
 1360 PDF objects out of 1440 (max. 8388607)
 1156 compressed objects within 12 object streams
 432 named destinations out of 1000 (max. 500000)
 647 words of extra memory for PDF output out of 10000 (max. 10000000)

