\BOOKMARK [0][-]{chapter.1}{\376\377\000I\000n\000t\000r\000o\000d\000u\000c\000t\000i\000o\000n}{}% 1
\BOOKMARK [0][-]{chapter.2}{\376\377\000C\000r\000y\000p\000t\000o\000c\000u\000r\000r\000e\000n\000c\000i\000e\000s}{}% 2
\BOOKMARK [1][-]{section.2.1}{\376\377\000E\000t\000h\000e\000r\000e\000u\000m}{chapter.2}% 3
\BOOKMARK [1][-]{section.2.2}{\376\377\000B\000i\000t\000c\000o\000i\000n}{chapter.2}% 4
\BOOKMARK [1][-]{section.2.3}{\376\377\000D\000i\000g\000i\000B\000y\000t\000e}{chapter.2}% 5
\BOOKMARK [1][-]{section.2.4}{\376\377\000D\000e\000c\000r\000e\000d}{chapter.2}% 6
\BOOKMARK [1][-]{section.2.5}{\376\377\000M\000o\000n\000e\000r\000o}{chapter.2}% 7
\BOOKMARK [0][-]{chapter.3}{\376\377\000I\000P\000F\000S}{}% 8
\BOOKMARK [1][-]{subsection.3.0.1}{\376\377\000C\000l\000u\000s\000t\000e\000r}{chapter.3}% 9
\BOOKMARK [2][-]{subsection.3.0.2}{\376\377\000N\000o\000d\000e}{subsection.3.0.1}% 10
\BOOKMARK [2][-]{subsection.3.0.3}{\376\377\000C\000I\000D}{subsection.3.0.1}% 11
\BOOKMARK [1][-]{section.3.1}{\376\377\000I\000P\000L\000D}{chapter.3}% 12
\BOOKMARK [2][-]{subsection.3.1.1}{\376\377\000F\000o\000r\000m\000a\000t\000s}{section.3.1}% 13
\BOOKMARK [2][-]{subsection.3.1.2}{\376\377\000R\000o\000u\000t\000i\000n\000g}{section.3.1}% 14
\BOOKMARK [2][-]{subsection.3.1.3}{\376\377\000E\000x\000c\000h\000a\000n\000g\000e}{section.3.1}% 15
\BOOKMARK [2][-]{subsection.3.1.4}{\376\377\000O\000b\000j\000e\000c\000t\000s}{section.3.1}% 16
\BOOKMARK [2][-]{subsection.3.1.5}{\376\377\000F\000i\000l\000e\000s}{section.3.1}% 17
\BOOKMARK [2][-]{subsection.3.1.6}{\376\377\000N\000a\000m\000i\000n\000g\000\040\000\050\000I\000P\000N\000M\000\051}{section.3.1}% 18
\BOOKMARK [0][-]{chapter.4}{\376\377\000D\000e\000s\000i\000g\000n}{}% 19
\BOOKMARK [1][-]{section.4.1}{\376\377\000F\000e\000e\000d\000e\000r}{chapter.4}% 20
\BOOKMARK [2][-]{subsection.4.1.1}{\376\377\000B\000l\000o\000c\000k\000b\000o\000o\000k}{section.4.1}% 21
\BOOKMARK [1][-]{section.4.2}{\376\377\000C\000l\000i\000e\000n\000t\000\040\000a\000p\000p\000l\000i\000c\000a\000t\000i\000o\000n}{chapter.4}% 22
\BOOKMARK [2][-]{subsection.4.2.1}{\376\377\000A\000P\000I}{section.4.2}% 23
\BOOKMARK [2][-]{subsection.4.2.2}{\376\377\000U\000I}{section.4.2}% 24
\BOOKMARK [0][-]{chapter.5}{\376\377\000I\000m\000p\000l\000e\000m\000e\000n\000t\000a\000t\000i\000o\000n}{}% 25
\BOOKMARK [0][-]{chapter.6}{\376\377\000T\000e\000s\000t\000i\000n\000g}{}% 26
\BOOKMARK [1][-]{section.6.1}{\376\377\000T\000e\000s\000t\000i\000n\000g\000\040\000e\000n\000v\000i\000r\000o\000m\000e\000n\000t}{chapter.6}% 27
\BOOKMARK [0][-]{chapter.7}{\376\377\000C\000o\000n\000c\000l\000u\000s\000i\000o\000n}{}% 28
\BOOKMARK [0][-]{chapter*.2}{\376\377\000B\000i\000b\000l\000i\000o\000g\000r\000a\000p\000h\000y}{}% 29
